[0.116s] Invoking command in '/home/donnylu/dev_ws/build/my_package': CMAKE_PREFIX_PATH=/opt/ros/humble /usr/bin/cmake /home/donnylu/dev_ws/src/my_package -DAMENT_CMAKE_SYMLINK_INSTALL=1 -DCMAKE_INSTALL_PREFIX=/home/donnylu/dev_ws/install/my_package
[0.143s] -- Found ament_cmake: 1.3.5 (/opt/ros/humble/share/ament_cmake/cmake)
[0.508s] -- Found Python3: /usr/bin/python3.10 (found version "3.10.12") found components: Interpreter 
[0.611s] -- Override CMake install command with custom implementation using symlinks instead of copying resources
[0.648s] -- Found ament_lint_auto: 0.12.8 (/opt/ros/humble/share/ament_lint_auto/cmake)
[0.824s] -- Added test 'flake8' to check Python code syntax and style conventions
[0.825s] -- Added test 'lint_cmake' to check CMake code style
[0.825s] -- Added test 'pep257' to check Python code against some of the docstring style conventions in PEP 257
[0.827s] -- Added test 'xmllint' to check XML markup files
[0.829s] -- Configuring done
[0.847s] -- Generating done
[0.853s] -- Build files have been written to: /home/donnylu/dev_ws/build/my_package
[0.932s] Invoked command in '/home/donnylu/dev_ws/build/my_package' returned '0': CMAKE_PREFIX_PATH=/opt/ros/humble /usr/bin/cmake /home/donnylu/dev_ws/src/my_package -DAMENT_CMAKE_SYMLINK_INSTALL=1 -DCMAKE_INSTALL_PREFIX=/home/donnylu/dev_ws/install/my_package
[0.939s] Invoking command in '/home/donnylu/dev_ws/build/my_package': CMAKE_PREFIX_PATH=/opt/ros/humble /usr/bin/cmake --build /home/donnylu/dev_ws/build/my_package -- -j5 -l5
[1.051s] Invoked command in '/home/donnylu/dev_ws/build/my_package' returned '0': CMAKE_PREFIX_PATH=/opt/ros/humble /usr/bin/cmake --build /home/donnylu/dev_ws/build/my_package -- -j5 -l5
[1.182s] Invoking command in '/home/donnylu/dev_ws/build/my_package': CMAKE_PREFIX_PATH=/opt/ros/humble /usr/bin/cmake --install /home/donnylu/dev_ws/build/my_package
[1.191s] -- Install configuration: ""
[1.192s] -- Execute custom install script
[1.192s] -- Symlinking: /home/donnylu/dev_ws/install/my_package/share/my_package/launch/listener.launch.py
[1.204s] -- Symlinking: /home/donnylu/dev_ws/install/my_package/share/my_package/launch/talker.launch.py
[1.241s] -- Symlinking: /home/donnylu/dev_ws/install/my_package/share/ament_index/resource_index/package_run_dependencies/my_package
[1.260s] -- Symlinking: /home/donnylu/dev_ws/install/my_package/share/ament_index/resource_index/parent_prefix_path/my_package
[1.273s] -- Symlinking: /home/donnylu/dev_ws/install/my_package/share/my_package/environment/ament_prefix_path.sh
[1.284s] -- Symlinking: /home/donnylu/dev_ws/install/my_package/share/my_package/environment/ament_prefix_path.dsv
[1.294s] -- Symlinking: /home/donnylu/dev_ws/install/my_package/share/my_package/environment/path.sh
[1.310s] -- Symlinking: /home/donnylu/dev_ws/install/my_package/share/my_package/environment/path.dsv
[1.358s] -- Symlinking: /home/donnylu/dev_ws/install/my_package/share/my_package/local_setup.bash
[1.385s] -- Symlinking: /home/donnylu/dev_ws/install/my_package/share/my_package/local_setup.sh
[1.398s] -- Symlinking: /home/donnylu/dev_ws/install/my_package/share/my_package/local_setup.zsh
[1.452s] -- Symlinking: /home/donnylu/dev_ws/install/my_package/share/my_package/local_setup.dsv
[1.494s] -- Symlinking: /home/donnylu/dev_ws/install/my_package/share/my_package/package.dsv
[1.506s] -- Symlinking: /home/donnylu/dev_ws/install/my_package/share/ament_index/resource_index/packages/my_package
[1.523s] -- Symlinking: /home/donnylu/dev_ws/install/my_package/share/my_package/cmake/my_packageConfig.cmake
[1.593s] -- Symlinking: /home/donnylu/dev_ws/install/my_package/share/my_package/cmake/my_packageConfig-version.cmake
[1.597s] -- Symlinking: /home/donnylu/dev_ws/install/my_package/share/my_package/package.xml
[1.610s] Invoked command in '/home/donnylu/dev_ws/build/my_package' returned '0': CMAKE_PREFIX_PATH=/opt/ros/humble /usr/bin/cmake --install /home/donnylu/dev_ws/build/my_package
